<?xml version="1.0" encoding="UTF-8"?>
<testsuite xmlns:xsi="http://www.w3.org/2001/XMLSchema-instance" xsi:noNamespaceSchemaLocation="https://maven.apache.org/surefire/maven-surefire-plugin/xsd/surefire-test-report.xsd" version="3.0.2" name="com.example.Calculator.CalculatorApplicationTests" time="2.105" tests="1" errors="0" skipped="0" failures="0">
  <properties>
[...]
</properties>
  <testcase name="contextLoads" classname="com.example.Calculator.CalculatorApplicationTests" time="0.402">
    <system-out><![CDATA[19:06:57.268 [main] INFO org.springframework.test.context.support.AnnotationConfigContextLoaderUtils -- Could not detect default configuration classes for test class [com.example.Calculator.CalculatorApplicationTests]: CalculatorApplicationTests does not declare any static, non-private, non-final, nested classes annotated with @Configuration.
19:06:57.357 [main] INFO org.springframework.boot.test.context.SpringBootTestContextBootstrapper -- Found @SpringBootConfiguration com.example.Calculator.CalculatorApplication for test class com.example.Calculator.CalculatorApplicationTests
19:06:57.468 [main] INFO org.springframework.boot.devtools.restart.RestartApplicationListener -- Restart disabled due to context in which it is running

  .   ____          _            __ _ _
 /\\ / ___'_ __ _ _(_)_ __  __ _ \ \ \ \
( ( )\___ | '_ | '_| | '_ \/ _` | \ \ \ \
 \\/  ___)| |_)| | | | | || (_| |  ) ) ) )
  '  |____| .__|_| |_|_| |_\__, | / / / /
 =========|_|==============|___/=/_/_/_/

 :: Spring Boot ::                (v3.5.4)

2025-08-20T19:06:57.683-04:00  INFO 36300 --- [calculator] [           main] c.e.C.CalculatorApplicationTests         : Starting CalculatorApplicationTests using Java 24.0.2 with PID 36300 (started by AK in C:\Users\AK\Desktop\CONCORDIA\Projects\deploy\Calculator Web App)
2025-08-20T19:06:57.683-04:00  INFO 36300 --- [calculator] [           main] c.e.C.CalculatorApplicationTests         : No active profile set, falling back to 1 default profile: "default"
2025-08-20T19:06:58.814-04:00  INFO 36300 --- [calculator] [           main] org.atmosphere.cpr.AtmosphereFramework   : Installed AtmosphereHandler com.vaadin.hilla.push.PushEndpoint mapped to context-path: /HILLA/push
2025-08-20T19:06:58.815-04:00  INFO 36300 --- [calculator] [           main] org.atmosphere.cpr.AtmosphereFramework   : Installed the following AtmosphereInterceptor mapped to AtmosphereHandler com.vaadin.hilla.push.PushEndpoint
2025-08-20T19:06:58.815-04:00  INFO 36300 --- [calculator] [           main] org.atmosphere.cpr.AtmosphereFramework   : 	org.atmosphere.interceptor.AtmosphereResourceLifecycleInterceptor : Atmosphere LifeCycle
2025-08-20T19:06:58.815-04:00  INFO 36300 --- [calculator] [           main] org.atmosphere.cpr.AtmosphereFramework   : 	org.atmosphere.client.TrackMessageSizeInterceptor :  Track Message Size Interceptor using |
2025-08-20T19:06:58.815-04:00  INFO 36300 --- [calculator] [           main] org.atmosphere.cpr.AtmosphereFramework   : 	org.atmosphere.interceptor.SuspendTrackerInterceptor : UUID Tracking Interceptor
2025-08-20T19:06:58.867-04:00  INFO 36300 --- [calculator] [           main] c.e.C.CalculatorApplicationTests         : Started CalculatorApplicationTests in 1.409 seconds (process running for 2.344)
]]></system-out>
    <system-err><![CDATA[Mockito is currently self-attaching to enable the inline-mock-maker. This will no longer work in future releases of the JDK. Please add Mockito as an agent to your build as described in Mockito's documentation: https://javadoc.io/doc/org.mockito/mockito-core/latest/org.mockito/org/mockito/Mockito.html#0.3
WARNING: A Java agent has been loaded dynamically (C:\Users\AK\.m2\repository\net\bytebuddy\byte-buddy-agent\1.17.6\byte-buddy-agent-1.17.6.jar)
WARNING: If a serviceability tool is in use, please run with -XX:+EnableDynamicAgentLoading to hide this warning
WARNING: If a serviceability tool is not in use, please run with -Djdk.instrument.traceUsage for more information
WARNING: Dynamic loading of agents will be disallowed by default in a future release
]]></system-err>
  </testcase>
</testsuite>